********************************************************************************
DUPLICATOR-LITE PACKAGE-LOG: 27 July 2018 14 h 41 min
NOTICE: Do NOT post to public sites or forums 
********************************************************************************
VERSION:	1.2.40
WORDPRESS:	4.9.7
PHP INFO:	7.2.4 | SAPI: apache2handler
SERVER:		Apache/2.4.33 (Win32) OpenSSL/1.1.0g PHP/7.2.4 
PHP TIME LIMIT: (0) no time limit imposed 
PHP MAX MEMORY: 2048M (128M default) 
MEMORY STACK: 16MB 

********************************************************************************
DATABASE:
********************************************************************************
BUILD MODE:   MYSQLDUMP
MYSQLTIMEOUT: 5000
MYSQLDUMP:    Is Supported 
FILTERED: [] 
RESPONSE: Ran from C:/xampp/mysql/bin/mysqldump.exe 
TABLES: total:13 | filtered:0 | create:13 
SQL CREATED: 20180727_letourismeenafrique_29abfac713b4c94b2136180727144107_database.sql 
SQL FILE SIZE: 300.84KB (308057) 
SQL FILE TIME: 2018-07-27 14:41:11 
SQL RUNTIME: 0.39 sec. 

******************************************************************************** 
ARCHIVE (ZIP): 
******************************************************************************** 
ARCHIVE DIR:  C:/xampp/htdocs/01_wordpress 
ARCHIVE FILE: 20180727_letourismeenafrique_29abfac713b4c94b2136180727144107_archive.zip 
FILTERS: *OFF* 
DIRS:
	not set 
FILES:
	not set 
EXTS:  not set 
---------------------------------------- 
COMPRESSING 
SIZE:	44.8MB 
STATS:	Dirs 175 | Files 1,796 
SQL ADDED: 20180727_letourismeenafrique_29abfac713b4c94b2136180727144107_database.sql 
ZipArchive Object
(
    [status] => 0
    [statusSys] => 0
    [numFiles] => 1971
    [filename] => C:\xampp\htdocs\01_wordpress\wp-snapshots\tmp\20180727_letourismeenafrique_29abfac713b4c94b2136180727144107_archive.zip
    [comment] => 
)
 
COMPRESSION RESULT: '1' 
COMPRESSED SIZE: 25.25MB 
ARCHIVE RUNTIME: 3.90 sec. 
MEMORY STACK: 16MB 

******************************************************************************** 
MAKE INSTALLER: 
******************************************************************************** 
Build Start 
Build Finished 
Preping for use 
PACK SIZE:  
Template parsed with new data 
Complete [C:/xampp/htdocs/01_wordpress/wp-snapshots/tmp/20180727_letourismeenafrique_29abfac713b4c94b2136180727144107_installer.php] 
Added to archive 

******************************************************************************** 
INTEGRITY CHECKS: 
******************************************************************************** 
SQL File: 300.84KB 
Installer File: 445.92KB 
Archive File: 25.25MB  

********************************************************************************
RECORD ID:[2]
TOTAL PROCESS RUNTIME: 7.39 sec.
PEAK PHP MEMORY USED: 18MB
DONE PROCESSING => 20180727_letourismeenafrique 27 July 2018 14 h 41 min
 
